<?xml version="1.0" encoding="UTF-8"?>
<testsuite xmlns:xsi="http://www.w3.org/2001/XMLSchema-instance" xsi:noNamespaceSchemaLocation="https://maven.apache.org/surefire/maven-surefire-plugin/xsd/surefire-test-report-3.0.xsd" version="3.0" name="data.FragmentTest" time="0.12" tests="6" errors="0" skipped="0" failures="0">
  <properties>
[...]
</properties>
  <testcase name="testGetId" classname="data.FragmentTest" time="0.01"/>
  <testcase name="testToString" classname="data.FragmentTest" time="0.013"/>
  <testcase name="testFragmentCreation" classname="data.FragmentTest" time="0.005"/>
  <testcase name="testEmptyData" classname="data.FragmentTest" time="0.003"/>
  <testcase name="testGetData" classname="data.FragmentTest" time="0.03"/>
  <testcase name="testGetStartIndex" classname="data.FragmentTest" time="0.015"/>
</testsuite>